[1222/180856:WARNING:dns_config_service_win.cc(653)] Failed to read DnsConfig.
[1222/180856:ERROR:proxy_service_factory.cc(105)] Cannot use V8 Proxy resolver in single process mode.
[1222/181442:WARNING:dns_config_service_win.cc(653)] Failed to read DnsConfig.
[1222/181442:ERROR:proxy_service_factory.cc(105)] Cannot use V8 Proxy resolver in single process mode.
[1222/181638:WARNING:dns_config_service_win.cc(653)] Failed to read DnsConfig.
[1222/181638:ERROR:proxy_service_factory.cc(105)] Cannot use V8 Proxy resolver in single process mode.
[1222/182140:WARNING:dns_config_service_win.cc(653)] Failed to read DnsConfig.
[1222/182140:ERROR:proxy_service_factory.cc(105)] Cannot use V8 Proxy resolver in single process mode.
[1223/095820:WARNING:dns_config_service_win.cc(653)] Failed to read DnsConfig.
[1223/095820:ERROR:proxy_service_factory.cc(105)] Cannot use V8 Proxy resolver in single process mode.
[1223/095821:ERROR:command_buffer_proxy_impl.cc(156)] Failed to initialize command buffer service.
[1223/095821:ERROR:webgraphicscontext3d_command_buffer_impl.cc(394)] CommandBufferProxy::Initialize failed.
[1223/095821:ERROR:webgraphicscontext3d_command_buffer_impl.cc(413)] Failed to initialize command buffer.
[1223/095821:ERROR:command_buffer_proxy_impl.cc(156)] Failed to initialize command buffer service.
[1223/095821:ERROR:webgraphicscontext3d_command_buffer_impl.cc(394)] CommandBufferProxy::Initialize failed.
[1223/095821:ERROR:webgraphicscontext3d_command_buffer_impl.cc(413)] Failed to initialize command buffer.
[1223/095821:ERROR:command_buffer_proxy_impl.cc(156)] Failed to initialize command buffer service.
[1223/095821:ERROR:webgraphicscontext3d_command_buffer_impl.cc(394)] CommandBufferProxy::Initialize failed.
[1223/095821:ERROR:webgraphicscontext3d_command_buffer_impl.cc(413)] Failed to initialize command buffer.
[1223/095821:ERROR:command_buffer_proxy_impl.cc(156)] Failed to initialize command buffer service.
[1223/095821:ERROR:webgraphicscontext3d_command_buffer_impl.cc(394)] CommandBufferProxy::Initialize failed.
[1223/095821:ERROR:webgraphicscontext3d_command_buffer_impl.cc(413)] Failed to initialize command buffer.
[1223/095821:ERROR:command_buffer_proxy_impl.cc(156)] Failed to initialize command buffer service.
[1223/095821:ERROR:webgraphicscontext3d_command_buffer_impl.cc(394)] CommandBufferProxy::Initialize failed.
[1223/095821:ERROR:webgraphicscontext3d_command_buffer_impl.cc(413)] Failed to initialize command buffer.
[1223/095821:ERROR:command_buffer_proxy_impl.cc(156)] Failed to initialize command buffer service.
[1223/095821:ERROR:webgraphicscontext3d_command_buffer_impl.cc(394)] CommandBufferProxy::Initialize failed.
[1223/095821:ERROR:webgraphicscontext3d_command_buffer_impl.cc(413)] Failed to initialize command buffer.
[1223/095821:ERROR:command_buffer_proxy_impl.cc(156)] Failed to initialize command buffer service.
[1223/095821:ERROR:webgraphicscontext3d_command_buffer_impl.cc(394)] CommandBufferProxy::Initialize failed.
[1223/095821:ERROR:webgraphicscontext3d_command_buffer_impl.cc(413)] Failed to initialize command buffer.
[1223/095821:ERROR:command_buffer_proxy_impl.cc(156)] Failed to initialize command buffer service.
[1223/095821:ERROR:webgraphicscontext3d_command_buffer_impl.cc(394)] CommandBufferProxy::Initialize failed.
[1223/095821:ERROR:webgraphicscontext3d_command_buffer_impl.cc(413)] Failed to initialize command buffer.
